<?xml version="1.0" encoding="UTF-8"?>

<beans xmlns="http://www.springframework.org/schema/beans"
       xmlns:xsi="http://www.w3.org/2001/XMLSchema-instance"
       xmlns:p="http://www.springframework.org/schema/p"
       xsi:schemaLocation="
            http://www.springframework.org/schema/beans
            http://www.springframework.org/schema/beans/spring-beans-2.5.xsd">

    <bean
            class="org.springframework.orm.jpa.support.PersistenceAnnotationBeanPostProcessor"/>

    <bean id="dataSource" class="org.springframework.jdbc.datasource.DriverManagerDataSource"
          p:driverClassName="org.h2.Driver"
          p:url="jdbc:h2:mem:test;DB_CLOSE_DELAY=-1"
            />

    <bean id="jpaAdaptor" class="org.springframework.orm.jpa.vendor.HibernateJpaVendorAdapter"
          p:showSql="false"
          p:databasePlatform="org.hibernate.dialect.H2Dialect"
          p:generateDdl="true"
            />

    <bean id="entityManagerFactory"
          class="org.springframework.orm.jpa.LocalContainerEntityManagerFactoryBean"
          p:dataSource-ref="dataSource"
          p:jpaVendorAdapter-ref="jpaAdaptor">
        <property name="loadTimeWeaver">
            <bean
                    class="org.springframework.instrument.classloading.InstrumentationLoadTimeWeaver"/>
        </property>
        <property name="persistenceUnitName" value="customer-unit"></property>
    </bean>
</beans>